node.exe : 
2026-01-31T18:43:37.356Z 
vite:config bundled 
config file loaded in 
71.25ms
At line:1 char:1
+ & "C:\Program 
Files\nodejs/node.exe" 
"C:\Program 
Files\nodejs/node_mo ...
+ ~~~~~~~~~~~~~~~~~~~~~~~~
~~~~~~~~~~~~~~~~~~~~~~~~~~
~~~~~~~~~~~~~~~~~~~
    + CategoryInfo        
      : NotSpecified: (2  
  026-01-31T18:4...aded   
  in 71.25ms:String) [    
], RemoteException
    + FullyQualifiedError 
   Id : NativeCommandErr  
  or
 
2026-01-31T18:43:37.390Z 
vite:config using 
resolved config: {
  plugins: [
    'vite:build-metadata',
    
'vite:watch-package-data',
    'vite:pre-alias',
    'alias',
    'vite:react-babel',
    'vite:react-refresh',
    'vite:modulepreload-po
lyfill',
    'vite:resolve',
    
'vite:html-inline-proxy',
    'vite:css',
    'vite:esbuild',
    'vite:json',
    'vite:wasm-helper',
    'vite:worker',
    'vite:asset',
    'vite:wasm-fallback',
    'vite:define',
    'vite:css-post',
    'vite:build-html',
    'vite:worker-import-me
ta-url',
    'vite:asset-import-met
a-url',
    'vite:force-systemjs-w
rap-complete',
    'commonjs',
    'vite:data-uri',
    'vite:dynamic-import-v
ars',
    'vite:import-glob',
    'vite:build-import-ana
lysis',
    
'vite:esbuild-transpile',
    'vite:terser',
    'vite:reporter',
    'vite:load-fallback'
  ],
  optimizeDeps: {
    holdUntilCrawlEnd: 
true,
    exclude: [ 
'lucide-react' ],
    include: [
      'socket.io-client',
      'react',
      
'react/jsx-dev-runtime',
      'react/jsx-runtime'
    ],
    esbuildOptions: { 
preserveSymlinks: false, 
jsx: 'automatic' }
  },
  build: {
    target: [ 'es2020', 
'edge88', 'firefox78', 
'chrome87', 'safari14' ],
    cssTarget: [ 
'es2020', 'edge88', 
'firefox78', 'chrome87', 
'safari14' ],
    outDir: 'dist',
    assetsDir: 'assets',
    assetsInlineLimit: 
4096,
    cssCodeSplit: true,
    sourcemap: false,
    rollupOptions: { 
output: [Object], onwarn: 
[Function: onwarn] },
    minify: 'esbuild',
    terserOptions: {},
    write: true,
    emptyOutDir: null,
    copyPublicDir: true,
    manifest: false,
    lib: false,
    ssr: false,
    ssrManifest: false,
    ssrEmitAssets: false,
    reportCompressedSize: 
true,
    
chunkSizeWarningLimit: 
500,
    watch: null,
    commonjsOptions: {
      include: [Array],
      extensions: [Array],
      
transformMixedEsModules: 
true
    },
    
dynamicImportVarsOptions: 
{ warnOnError: true, 
exclude: [Array] },
    modulePreload: { 
polyfill: true },
    cssMinify: true
  },
  esbuild: { jsxDev: 
false, jsx: 'automatic', 
jsxImportSource: 
undefined },
  resolve: {
    mainFields: [ 
'browser', 'module', 
'jsnext:main', 'jsnext' ],
    conditions: [],
    extensions: [
      '.mjs',  '.js',
      '.mts',  '.ts',
      '.jsx',  '.tsx',
      '.json'
    ],
    dedupe: [ 'react', 
'react-dom' ],
    preserveSymlinks: 
false,
    alias: [ [Object], 
[Object] ]
  },
  configFile: 'C:/Users/ga
rga/OneDrive/Desktop/chess
/ChesswithBenefits-Client/
vite.config.ts',
  configFileDependencies: 
[
    'C:/Users/garga/OneDri
ve/Desktop/chess/Chesswith
Benefits-Client/vite.confi
g.ts'
  ],
  inlineConfig: {
    root: undefined,
    base: undefined,
    mode: undefined,
    configFile: undefined,
    logLevel: undefined,
    clearScreen: 
undefined,
    build: {}
  },
  root: 'C:/Users/garga/On
eDrive/Desktop/chess/Chess
withBenefits-Client',
  base: '/',
  decodedBase: '/',
  rawBase: '/',
  publicDir: 'C:/Users/gar
ga/OneDrive/Desktop/chess/
ChesswithBenefits-Client/p
ublic',
  cacheDir: 'C:/Users/garg
a/OneDrive/Desktop/chess/C
hesswithBenefits-Client/no
de_modules/.vite',
  command: 'build',
  mode: 'production',
  ssr: {
    target: 'node',
    optimizeDeps: { 
noDiscovery: true, 
esbuildOptions: [Object] }
  },
  isWorker: false,
  mainConfig: null,
  bundleChain: [],
  isProduction: true,
  css: { lightningcss: 
undefined },
  server: {
    preTransformRequests: 
true,
    sourcemapIgnoreList: 
[Function: 
isInNodeModules$1],
    middlewareMode: false,
    fs: {
      strict: true,
      allow: [Array],
      deny: [Array],
      cachedChecks: 
undefined
[36mvite v5.4.8 [32mbuilding for production...[36m[39m
    }
  },
  preview: {
    port: undefined,
    strictPort: undefined,
    host: undefined,
    https: undefined,
    open: undefined,
    proxy: undefined,
    cors: undefined,
    headers: undefined
  },
  envDir: 'C:/Users/garga/
OneDrive/Desktop/chess/Che
sswithBenefits-Client',
  env: {
    VITE_SERVER_URL: 
'http://localhost:3000',
    BASE_URL: '/',
    MODE: 'production',
    DEV: false,
    PROD: true
  },
  assetsInclude: 
[Function: assetsInclude],
  logger: {
    hasWarned: false,
    info: [Function: 
info],
    warn: [Function: 
warn],
    warnOnce: [Function: 
warnOnce],
    error: [Function: 
error],
    clearScreen: 
[Function: clearScreen],
    hasErrorLogged: 
[Function: hasErrorLogged]
  },
  packageCache: Map(1) {
    'fnpd_C:/Users/garga/O
neDrive/Desktop/chess/Ches
swithBenefits-Client' => {
      dir: 'C:/Users/garga
/OneDrive/Desktop/chess/Ch
esswithBenefits-Client',
      data: [Object],
      hasSideEffects: 
[Function: 
hasSideEffects],
      webResolvedImports: 
{},
      
nodeResolvedImports: {},
      setResolvedCache: 
[Function: 
setResolvedCache],
      getResolvedCache: 
[Function: 
getResolvedCache]
    },
    set: [Function 
(anonymous)]
  },
  createResolver: 
[Function: 
createResolver],
  worker: { format: 
'iife', plugins: '() => 
plugins', rollupOptions: 
{} },
  appType: 'spa',
  experimental: { importGl
obRestoreExtension: 
false, hmrPartialAccept: 
false },
  getSortedPlugins: 
[Function: 
getSortedPlugins],
  getSortedPluginHooks: 
[Function: 
getSortedPluginHooks]
}
transforming...
[32m???[39m 41 modules transformed.
[31mx[39m Build failed 
in 2.02s
[31merror during build:
[31mCould not resolve "./
socket/SocketConnection.js
x" from 
"src/Dashboard.jsx"[31m
file: [36mC:/Users/garga/
OneDrive/Desktop/chess/Che
sswithBenefits-Client/src/
Dashboard.jsx[31m
    at getRollupError (fil
e:///C:/Users/garga/OneDri
ve/Desktop/chess/Chesswith
Benefits-Client/node_modul
es/rollup/dist/es/shared/p
arseAst.js:395:41)
    at error (file:///C:/U
sers/garga/OneDrive/Deskto
p/chess/ChesswithBenefits-
Client/node_modules/rollup
/dist/es/shared/parseAst.j
s:391:42)
    at ModuleLoader.handle
InvalidResolvedId (file://
/C:/Users/garga/OneDrive/D
esktop/chess/ChesswithBene
fits-Client/node_modules/r
ollup/dist/es/shared/node-
entry.js:20006:24)
    at file:///C:/Users/ga
rga/OneDrive/Desktop/chess
/ChesswithBenefits-Client/
node_modules/rollup/dist/e
s/shared/node-entry.js:199
66:26[39m
